2026-04-14 16:36:27,162 [INFO] 🔄 Resuming ETL Pipeline from page 11...
2026-04-14 16:36:27,163 [INFO] 🏁 Job Finished.2026-04-15 12:34:32,728 [INFO] 🔄 Resuming ETL Pipeline from page 11...
2026-04-15 12:34:32,730 [INFO] 🏁 Job Finished.
2026-04-15 12:42:17,623 [INFO] 🚀 Starting fresh ETL Pipeline...
2026-04-15 12:42:17,624 [INFO] 📦 Extracting Page 1...
2026-04-15 12:42:19,913 [INFO] 🗄️ Successfully loaded 30 records to MySQL.
2026-04-15 12:42:19,915 [INFO] ✅ Saved 30 records from page 1.
2026-04-15 12:42:21,920 [INFO] 📦 Extracting Page 2...
2026-04-15 12:42:23,996 [INFO] 🗄️ Successfully loaded 30 records to MySQL.
2026-04-15 12:42:23,997 [INFO] ✅ Saved 30 records from page 2.
2026-04-15 12:42:26,006 [INFO] 📦 Extracting Page 3...
2026-04-15 12:42:28,145 [INFO] 🗄️ Successfully loaded 30 records to MySQL.
2026-04-15 12:42:28,146 [INFO] ✅ Saved 30 records from page 3.
2026-04-15 12:42:30,155 [INFO] 📦 Extracting Page 4...
2026-04-15 12:42:32,128 [INFO] 🗄️ Successfully loaded 30 records to MySQL.
2026-04-15 12:42:32,129 [INFO] ✅ Saved 30 records from page 4.
2026-04-15 12:42:34,145 [INFO] 📦 Extracting Page 5...
2026-04-15 12:42:36,461 [INFO] 🗄️ Successfully loaded 30 records to MySQL.
2026-04-15 12:42:36,462 [INFO] ✅ Saved 30 records from page 5.
2026-04-15 12:42:38,466 [INFO] 📦 Extracting Page 6...
2026-04-15 12:42:41,948 [INFO] 🗄️ Successfully loaded 30 records to MySQL.
2026-04-15 12:42:41,949 [INFO] ✅ Saved 30 records from page 6.
2026-04-15 12:42:43,954 [INFO] 📦 Extracting Page 7...
2026-04-15 12:42:46,192 [INFO] 🗄️ Successfully loaded 30 records to MySQL.
2026-04-15 12:42:46,193 [INFO] ✅ Saved 30 records from page 7.
2026-04-15 12:42:48,198 [INFO] 📦 Extracting Page 8...
2026-04-15 12:42:50,466 [INFO] 🗄️ Successfully loaded 30 records to MySQL.
2026-04-15 12:42:50,472 [INFO] ✅ Saved 30 records from page 8.
2026-04-15 12:42:52,487 [INFO] 📦 Extracting Page 9...
2026-04-15 12:42:54,822 [INFO] 🗄️ Successfully loaded 30 records to MySQL.
2026-04-15 12:42:54,823 [INFO] ✅ Saved 30 records from page 9.
2026-04-15 12:42:56,836 [INFO] 📦 Extracting Page 10...
2026-04-15 12:42:58,761 [INFO] 🗄️ Successfully loaded 30 records to MySQL.
2026-04-15 12:42:58,761 [INFO] ✅ Saved 30 records from page 10.
2026-04-15 12:43:00,774 [INFO] 🏁 Job Finished.
